\BOOKMARK [1][-]{section.1}{\376\377\133\236\232\214\166\356\166\204}{}% 1
\BOOKMARK [1][-]{section.2}{\376\377\133\236\232\214\213\276\213\241}{}% 2
\BOOKMARK [2][-]{subsection.2.1}{\376\377\133\236\232\214\116\224\225\356\230\230\126\336\230\176}{section.2}% 3
\BOOKMARK [2][-]{subsection.2.2}{\376\377\213\304\117\060\150\067\147\054\213\276\213\241}{section.2}% 4
\BOOKMARK [2][-]{subsection.2.3}{\376\377\116\012\116\013\145\207\130\236\137\072\213\276\213\241}{section.2}% 5
\BOOKMARK [3][-]{subsubsection.2.3.1}{\376\377\000C\0005\377\032\000R\000i\000s\000k\000\040\000C\000h\000e\000c\000k\000l\000i\000s\000t\000\040\000C\000o\000n\000t\000e\000x\000t}{subsection.2.3}% 6
\BOOKMARK [3][-]{subsubsection.2.3.2}{\376\377\000C\0006\377\032\000R\000e\000p\000o\000s\000i\000t\000o\000r\000y\000\040\000P\000o\000l\000i\000c\000y\000\040\000C\000o\000n\000t\000e\000x\000t}{subsection.2.3}% 7
\BOOKMARK [3][-]{subsubsection.2.3.3}{\376\377\000C\0007\377\032\000H\000i\000s\000t\000o\000r\000i\000c\000a\000l\000\040\000S\000i\000m\000i\000l\000a\000r\000\040\000P\000R\000\040\000C\000o\000n\000t\000e\000x\000t}{subsection.2.3}% 8
\BOOKMARK [3][-]{subsubsection.2.3.4}{\376\377\000C\0008\377\032\000F\000u\000l\000l\000\040\000I\000m\000p\000r\000o\000v\000e\000d\000\040\000C\000o\000n\000t\000e\000x\000t}{subsection.2.3}% 9
\BOOKMARK [2][-]{subsection.2.4}{\376\377\000P\000r\000o\000m\000p\000t\000\040\117\030\123\026\213\276\213\241}{section.2}% 10
\BOOKMARK [3][-]{subsubsection.2.4.1}{\376\377\000P\0005\377\032\000A\000I\000-\000R\000i\000s\000k\000-\000A\000w\000a\000r\000e\000\040\000P\000r\000o\000m\000p\000t}{subsection.2.4}% 11
\BOOKMARK [3][-]{subsubsection.2.4.2}{\376\377\000P\0006\377\032\000C\000o\000n\000t\000r\000a\000s\000t\000i\000v\000e\000\040\000P\000r\000o\000m\000p\000t}{subsection.2.4}% 12
\BOOKMARK [3][-]{subsubsection.2.4.3}{\376\377\000P\0007\377\032\000S\000e\000l\000f\000-\000R\000e\000f\000l\000e\000c\000t\000i\000o\000n\000\040\000P\000r\000o\000m\000p\000t}{subsection.2.4}% 13
\BOOKMARK [3][-]{subsubsection.2.4.4}{\376\377\000P\0008\377\032\000S\000t\000r\000i\000c\000t\000\040\000M\000a\000i\000n\000t\000a\000i\000n\000e\000r\000\040\000P\000r\000o\000m\000p\000t}{subsection.2.4}% 14
\BOOKMARK [2][-]{subsection.2.5}{\376\377\133\236\232\214\167\351\226\065}{section.2}% 15
\BOOKMARK [3][-]{subsubsection.2.5.1}{\376\377\116\073\133\236\232\214\167\351\226\065\000\040\000I\0000\0001\040\023\000I\0001\0006}{subsection.2.5}% 16
\BOOKMARK [2][-]{subsection.2.6}{\376\377\213\304\116\367\143\007\150\007\123\107\176\247}{section.2}% 17
\BOOKMARK [1][-]{section.3}{\376\377\133\236\232\214\176\323\147\234}{}% 18
\BOOKMARK [2][-]{subsection.3.1}{\376\377\116\073\133\236\232\214\377\032\000I\0000\0001\040\023\000I\0001\0006\000\040\0004\0004\000\040\167\351\226\065\176\323\147\234}{section.3}% 19
\BOOKMARK [2][-]{subsection.3.2}{\376\377\133\236\232\214\116\224\000\040\000B\0000\0001\040\023\000B\0001\0006\000\040\127\372\176\277\126\336\230\176}{section.3}% 20
\BOOKMARK [2][-]{subsection.3.3}{\376\377\000B\0000\0001\040\023\000B\0001\0006\000\040\000v\000s\000\040\000I\0000\0001\040\023\000I\0001\0006\000\040\121\163\225\056\133\371\153\324}{section.3}% 21
\BOOKMARK [2][-]{subsection.3.4}{\376\377\000R\000e\000v\000i\000e\000w\000\040\000C\000o\000m\000m\000e\000n\000t\000\040\000G\000e\000n\000e\000r\000a\000t\000i\000o\000n\000\040\215\050\221\317}{section.3}% 22
\BOOKMARK [1][-]{section.4}{\376\377\122\006\147\220\213\250\213\272}{}% 23
\BOOKMARK [2][-]{subsection.4.1}{\376\377\142\020\122\237\150\007\121\306\150\300\147\345}{section.4}% 24
\BOOKMARK [2][-]{subsection.4.2}{\376\377\124\352\171\315\116\012\116\013\145\207\147\000\147\011\145\110\377\037}{section.4}% 25
\BOOKMARK [2][-]{subsection.4.3}{\376\377\124\352\171\315\000\040\000P\000r\000o\000m\000p\000t\000\040\147\000\220\002\124\010\000\040\000A\000I\000\040\116\343\170\001\133\241\147\345\377\037}{section.4}% 26
\BOOKMARK [2][-]{subsection.4.4}{\376\377\116\012\116\013\145\207\116\016\000\040\000P\000r\000o\000m\000p\000t\000\040\166\204\116\244\116\222\145\110\136\224}{section.4}% 27
\BOOKMARK [2][-]{subsection.4.5}{\376\377\116\072\116\300\116\110\000\040\000S\000t\000r\000i\000c\000t\000\040\000M\000a\000i\000n\000t\000a\000i\000n\000e\000r\000\040\147\011\145\110\377\037}{section.4}% 28
\BOOKMARK [2][-]{subsection.4.6}{\376\377\000P\000r\000o\000m\000p\000t\000\040\117\030\123\026\116\016\116\012\116\013\145\207\130\236\137\072\124\004\201\352\166\204\117\134\165\050}{section.4}% 29
\BOOKMARK [2][-]{subsection.4.7}{\376\377\140\047\200\375\143\320\123\107\123\237\126\340\140\073\176\323}{section.4}% 30
\BOOKMARK [1][-]{section.5}{\376\377\133\236\232\214\140\035\200\003}{}% 31
\BOOKMARK [2][-]{subsection.5.1}{\376\377\123\206\123\362\116\012\116\013\145\207\166\204\136\224\165\050\217\271\165\114}{section.5}% 32
\BOOKMARK [2][-]{subsection.5.2}{\376\377\145\271\154\325\220\002\165\050\203\003\126\364}{section.5}% 33
\BOOKMARK [1][-]{section.6}{\376\377\176\323\213\272}{}% 34
