\BOOKMARK [1][-]{section.1}{\376\377\133\236\232\214\166\356\166\204}{}% 1
\BOOKMARK [1][-]{section.2}{\376\377\173\054\116\000\220\350\122\006\377\032\000A\000I\000\040\165\037\142\020\116\343\170\001\145\160\143\156\221\307\226\306}{}% 2
\BOOKMARK [2][-]{subsection.2.1}{\376\377\000S\000e\000e\000d\000\040\145\160\143\156\147\145\156\220}{section.2}% 3
\BOOKMARK [2][-]{subsection.2.2}{\376\377\000E\000n\000h\000a\000n\000c\000e\000d\000\040\145\160\143\156\221\307\226\306}{section.2}% 4
\BOOKMARK [2][-]{subsection.2.3}{\376\377\145\160\143\156\117\356\131\015\116\016\147\000\176\310\162\110\147\054}{section.2}% 5
\BOOKMARK [2][-]{subsection.2.4}{\376\377\145\160\143\156\226\306\162\110\147\054\213\364\146\016}{section.2}% 6
\BOOKMARK [1][-]{section.3}{\376\377\173\054\116\214\220\350\122\006\377\032\116\343\170\001\133\241\147\345\133\236\232\214}{}% 7
\BOOKMARK [2][-]{subsection.3.1}{\376\377\162\171\137\201\147\204\136\372}{section.3}% 8
\BOOKMARK [2][-]{subsection.3.2}{\376\377\117\040\176\337\147\072\126\150\133\146\116\140\133\236\232\214}{section.3}% 9
\BOOKMARK [2][-]{subsection.3.3}{\376\377\133\236\232\214\116\011\215\363\217\307\213\364\146\016}{section.3}% 10
\BOOKMARK [2][-]{subsection.3.4}{\376\377\000D\000e\000e\000p\000S\000e\000e\000k\000\040\131\047\213\355\212\000\152\041\127\213\133\236\232\214}{section.3}% 11
\BOOKMARK [2][-]{subsection.3.5}{\376\377\0004\000\327\0004\000\040\000P\000r\000o\000m\000p\000t\000\327\000C\000o\000n\000t\000e\000x\000t\000\040\121\150\176\304\124\010\127\372\176\277\377\010\000\247\0002\000.\0006\000.\0002\377\011}{section.3}% 12
\BOOKMARK [2][-]{subsection.3.6}{\376\377\000R\000e\000v\000i\000e\000w\000\040\000C\000o\000m\000m\000e\000n\000t\000\040\000G\000e\000n\000e\000r\000a\000t\000i\000o\000n}{section.3}% 13
\BOOKMARK [1][-]{section.4}{\376\377\116\272\174\173\116\343\170\001\000\040\000v\000s\000\040\000A\000I\000\040\116\343\170\001\140\047\200\375\123\330\123\026}{}% 14
\BOOKMARK [2][-]{subsection.4.1}{\376\377\117\040\176\337\147\072\126\150\133\146\116\140}{section.4}% 15
\BOOKMARK [2][-]{subsection.4.2}{\376\377\000D\000e\000e\000p\000S\000e\000e\000k\000\040\131\047\213\355\212\000\152\041\127\213}{section.4}% 16
\BOOKMARK [2][-]{subsection.4.3}{\376\377\225\031\213\357\122\006\147\220}{section.4}% 17
\BOOKMARK [2][-]{subsection.4.4}{\376\377\140\047\200\375\123\330\123\026\123\237\126\340\122\006\147\220}{section.4}% 18
\BOOKMARK [3][-]{subsubsection.4.4.1}{\376\377\116\343\170\001\116\012\116\013\145\207\117\341\140\157\221\317\135\356\137\002}{subsection.4.4}% 19
\BOOKMARK [3][-]{subsubsection.4.4.2}{\376\377\000A\000I\000\040\000P\000R\000\040\162\171\137\201\122\006\136\003\120\117\171\373}{subsection.4.4}% 20
\BOOKMARK [3][-]{subsubsection.4.4.3}{\376\377\116\323\136\223\133\371\000\040\000A\000I\000\040\215\041\163\056\166\204\143\245\123\327\136\246\135\356\137\002}{subsection.4.4}% 21
\BOOKMARK [3][-]{subsubsection.4.4.4}{\376\377\000F\000e\000w\000-\000s\000h\000o\000t\000\040\171\072\117\213\135\356\137\002}{subsection.4.4}% 22
\BOOKMARK [3][-]{subsubsection.4.4.5}{\376\377\134\017\176\323}{subsection.4.4}% 23
\BOOKMARK [1][-]{section.5}{\376\377\143\021\142\030\122\006\147\220}{}% 24
\BOOKMARK [2][-]{subsection.5.1}{\376\377\000A\000I\000\040\165\037\142\020\116\343\170\001\116\016\116\272\174\173\116\343\170\001\166\204\135\356\137\002}{section.5}% 25
\BOOKMARK [2][-]{subsection.5.2}{\376\377\147\054\133\236\232\214\166\204\134\100\226\120\140\047}{section.5}% 26
\BOOKMARK [2][-]{subsection.5.3}{\376\377\133\371\124\016\176\355\133\236\232\214\166\204\124\057\171\072}{section.5}% 27
\BOOKMARK [1][-]{section.6}{\376\377\176\323\213\272}{}% 28
